TN:
SF:loader.stripped.js
FN:14,(anonymous_1)
FN:27,keys
FN:35,normalizeSandboxArguments
FN:36,(anonymous_4)
FN:53,(anonymous_5)
FN:67,loadInBrowser
FN:87,(anonymous_7)
FN:91,(anonymous_8)
FN:96,(anonymous_9)
FN:108,load
FN:126,(anonymous_11)
FN:145,finalizeLoad
FN:193,(anonymous_13)
FN:209,(anonymous_14)
FN:226,normalizeIdentifier
FN:240,(anonymous_16)
FN:251,resolveIdentifier
FN:260,pluginify
FN:284,(anonymous_19)
FN:293,(anonymous_20)
FN:298,(anonymous_21)
FN:300,(anonymous_22)
FN:309,(anonymous_23)
FN:322,(anonymous_24)
FN:378,(anonymous_25)
FN:388,(anonymous_26)
FN:395,(anonymous_27)
FN:432,(anonymous_28)
FN:455,(anonymous_29)
FN:460,(anonymous_30)
FN:465,(anonymous_31)
FN:478,(anonymous_32)
FN:483,(anonymous_33)
FN:486,(anonymous_34)
FN:491,(anonymous_35)
FN:498,(anonymous_36)
FN:501,(anonymous_37)
FN:517,(anonymous_38)
FN:519,(anonymous_39)
FN:545,(anonymous_40)
FN:556,(anonymous_41)
FN:558,(anonymous_42)
FNF:42
FNH:37
FNDA:1,(anonymous_1)
FNDA:34,keys
FNDA:37,normalizeSandboxArguments
FNDA:21,(anonymous_4)
FNDA:19,(anonymous_5)
FNDA:21,loadInBrowser
FNDA:21,(anonymous_7)
FNDA:21,(anonymous_8)
FNDA:0,(anonymous_9)
FNDA:21,load
FNDA:21,(anonymous_11)
FNDA:21,finalizeLoad
FNDA:54,(anonymous_13)
FNDA:28,(anonymous_14)
FNDA:26,normalizeIdentifier
FNDA:36,(anonymous_16)
FNDA:27,resolveIdentifier
FNDA:27,pluginify
FNDA:22,(anonymous_19)
FNDA:2,(anonymous_20)
FNDA:3,(anonymous_21)
FNDA:3,(anonymous_22)
FNDA:2,(anonymous_23)
FNDA:36,(anonymous_24)
FNDA:3,(anonymous_25)
FNDA:2,(anonymous_26)
FNDA:44,(anonymous_27)
FNDA:2,(anonymous_28)
FNDA:19,(anonymous_29)
FNDA:19,(anonymous_30)
FNDA:19,(anonymous_31)
FNDA:1,(anonymous_32)
FNDA:22,(anonymous_33)
FNDA:21,(anonymous_34)
FNDA:46,(anonymous_35)
FNDA:21,(anonymous_36)
FNDA:0,(anonymous_37)
FNDA:19,(anonymous_38)
FNDA:19,(anonymous_39)
FNDA:0,(anonymous_40)
FNDA:0,(anonymous_41)
FNDA:0,(anonymous_42)
DA:14,1
DA:17,1
DA:18,0
DA:21,1
DA:27,1
DA:28,34
DA:29,34
DA:30,1
DA:32,34
DA:35,1
DA:36,37
DA:37,21
DA:38,0
DA:39,0
DA:41,21
DA:42,0
DA:43,0
DA:44,0
DA:46,21
DA:48,21
DA:53,1
DA:55,19
DA:61,19
DA:67,1
DA:68,21
DA:70,21
DA:71,0
DA:72,0
DA:74,21
DA:75,21
DA:76,21
DA:77,0
DA:79,21
DA:80,0
DA:82,21
DA:83,19
DA:85,21
DA:86,21
DA:87,21
DA:88,21
DA:89,21
DA:90,21
DA:91,21
DA:92,21
DA:96,21
DA:97,0
DA:99,21
DA:100,21
DA:101,21
DA:102,21
DA:104,0
DA:108,1
DA:109,21
DA:110,21
DA:111,1
DA:113,21
DA:115,0
DA:118,21
DA:120,0
DA:123,21
DA:124,21
DA:126,21
DA:127,21
DA:129,21
DA:130,21
DA:131,21
DA:132,21
DA:133,21
DA:139,0
DA:145,1
DA:148,21
DA:149,21
DA:151,46
DA:157,10
DA:160,0
DA:162,0
DA:163,0
DA:165,0
DA:166,0
DA:167,0
DA:169,0
DA:170,0
DA:171,0
DA:176,10
DA:179,10
DA:180,10
DA:181,1
DA:186,46
DA:187,36
DA:190,21
DA:193,19
DA:194,54
DA:195,27
DA:198,27
DA:207,27
DA:209,27
DA:210,28
DA:211,28
DA:212,28
DA:213,28
DA:214,6
DA:216,28
DA:217,28
DA:221,28
DA:224,27
DA:226,1
DA:229,26
DA:231,23
DA:233,3
DA:235,0
DA:237,26
DA:240,27
DA:242,36
DA:251,1
DA:252,27
DA:254,27
DA:255,27
DA:256,0
DA:257,0
DA:258,0
DA:260,1
DA:261,27
DA:262,0
DA:263,0
DA:264,0
DA:267,27
DA:268,11
DA:269,11
DA:270,11
DA:271,0
DA:273,11
DA:275,16
DA:277,16
DA:278,14
DA:280,2
DA:284,36
DA:285,22
DA:286,22
DA:289,36
DA:293,36
DA:294,2
DA:295,2
DA:298,36
DA:299,3
DA:300,3
DA:301,3
DA:302,0
DA:303,0
DA:305,3
DA:309,36
DA:310,2
DA:312,2
DA:314,1
DA:316,1
DA:318,2
DA:320,36
DA:322,36
DA:323,36
DA:324,36
DA:326,34
DA:338,34
DA:339,19
DA:342,34
DA:343,34
DA:352,34
DA:353,34
DA:360,1
DA:362,33
DA:363,1
DA:366,2
DA:368,1
DA:370,1
DA:375,36
DA:378,27
DA:380,3
DA:381,1
DA:383,2
DA:384,2
DA:389,2
DA:390,2
DA:395,27
DA:397,44
DA:399,44
DA:400,43
DA:401,13
DA:403,43
DA:405,1
DA:408,44
DA:409,36
DA:412,44
DA:413,44
DA:414,1
DA:415,1
DA:416,1
DA:417,0
DA:423,44
DA:425,44
DA:426,0
DA:429,44
DA:432,27
DA:433,2
DA:434,0
DA:436,2
DA:440,27
DA:441,0
DA:449,27
DA:451,27
DA:455,19
DA:456,19
DA:460,19
DA:461,19
DA:465,19
DA:466,19
DA:467,19
DA:471,19
DA:473,19
DA:478,1
DA:480,1
DA:483,1
DA:486,22
DA:487,21
DA:489,21
DA:491,21
DA:492,46
DA:494,21
DA:495,21
DA:497,22
DA:498,22
DA:499,21
DA:501,22
DA:502,0
DA:503,0
DA:504,0
DA:508,1
DA:511,1
DA:517,1
DA:518,19
DA:519,19
DA:520,19
DA:521,0
DA:522,0
DA:524,19
DA:529,1
DA:533,1
DA:536,1
DA:537,0
DA:544,1
DA:545,1
DA:546,0
DA:547,0
DA:556,0
DA:557,0
DA:560,0
LF:253
LH:204
BRDA:17,1,0,0
BRDA:17,1,1,1
BRDA:37,2,0,0
BRDA:37,2,1,21
BRDA:37,3,0,21
BRDA:37,3,1,0
BRDA:37,3,2,0
BRDA:41,4,0,0
BRDA:41,4,1,21
BRDA:41,5,0,21
BRDA:41,5,1,0
BRDA:41,5,2,0
BRDA:46,6,0,21
BRDA:46,6,1,0
BRDA:70,7,0,0
BRDA:70,7,1,21
BRDA:76,8,0,0
BRDA:76,8,1,21
BRDA:79,9,0,0
BRDA:79,9,1,21
BRDA:82,10,0,19
BRDA:82,10,1,2
BRDA:88,11,0,21
BRDA:88,11,1,0
BRDA:89,12,0,21
BRDA:89,12,1,0
BRDA:89,13,0,21
BRDA:89,13,1,0
BRDA:110,14,0,1
BRDA:110,14,1,20
BRDA:113,15,0,0
BRDA:113,15,1,21
BRDA:118,16,0,0
BRDA:118,16,1,21
BRDA:126,17,0,21
BRDA:126,17,1,21
BRDA:126,17,2,21
BRDA:127,18,0,0
BRDA:127,18,1,21
BRDA:132,19,0,21
BRDA:132,19,1,0
BRDA:151,20,0,10
BRDA:151,20,1,36
BRDA:157,21,0,0
BRDA:157,21,1,10
BRDA:162,22,0,0
BRDA:162,22,1,0
BRDA:165,23,0,0
BRDA:165,23,1,0
BRDA:166,24,0,0
BRDA:166,24,1,0
BRDA:170,25,0,0
BRDA:170,25,1,0
BRDA:180,26,0,1
BRDA:180,26,1,9
BRDA:186,27,0,36
BRDA:186,27,1,10
BRDA:194,28,0,27
BRDA:194,28,1,27
BRDA:210,29,0,28
BRDA:210,29,1,10
BRDA:210,29,2,18
BRDA:211,30,0,28
BRDA:211,30,1,0
BRDA:213,31,0,6
BRDA:213,31,1,22
BRDA:216,32,0,28
BRDA:216,32,1,20
BRDA:217,33,0,28
BRDA:217,33,1,26
BRDA:221,34,0,2
BRDA:221,34,1,26
BRDA:221,35,0,28
BRDA:221,35,1,2
BRDA:229,36,0,23
BRDA:229,36,1,3
BRDA:233,37,0,0
BRDA:233,37,1,3
BRDA:255,38,0,0
BRDA:255,38,1,27
BRDA:261,39,0,27
BRDA:261,39,1,0
BRDA:267,40,0,11
BRDA:267,40,1,16
BRDA:270,41,0,0
BRDA:270,41,1,11
BRDA:277,42,0,14
BRDA:277,42,1,2
BRDA:278,43,0,13
BRDA:278,43,1,1
BRDA:301,44,0,0
BRDA:301,44,1,3
BRDA:302,45,0,0
BRDA:302,45,1,0
BRDA:310,46,0,2
BRDA:310,46,1,2
BRDA:312,47,0,1
BRDA:312,47,1,1
BRDA:324,48,0,34
BRDA:324,48,1,2
BRDA:331,49,0,34
BRDA:331,49,1,34
BRDA:338,50,0,19
BRDA:338,50,1,15
BRDA:338,51,0,34
BRDA:338,51,1,24
BRDA:342,52,0,34
BRDA:342,52,1,0
BRDA:353,53,0,1
BRDA:353,53,1,33
BRDA:354,54,0,34
BRDA:354,54,1,34
BRDA:354,54,2,34
BRDA:362,55,0,1
BRDA:362,55,1,32
BRDA:366,56,0,1
BRDA:366,56,1,1
BRDA:380,57,0,1
BRDA:380,57,1,2
BRDA:385,58,0,1
BRDA:385,58,1,1
BRDA:389,59,0,0
BRDA:389,59,1,2
BRDA:399,60,0,43
BRDA:399,60,1,1
BRDA:400,61,0,13
BRDA:400,61,1,30
BRDA:401,62,0,11
BRDA:401,62,1,2
BRDA:408,63,0,36
BRDA:408,63,1,8
BRDA:413,64,0,1
BRDA:413,64,1,43
BRDA:425,65,0,0
BRDA:425,65,1,44
BRDA:433,66,0,0
BRDA:433,66,1,2
BRDA:436,67,0,0
BRDA:436,67,1,2
BRDA:440,68,0,0
BRDA:440,68,1,27
BRDA:467,69,0,19
BRDA:467,69,1,0
BRDA:492,70,0,46
BRDA:492,70,1,46
BRDA:520,71,0,0
BRDA:520,71,1,19
BRDA:521,72,0,0
BRDA:521,72,1,0
BRDA:536,73,0,0
BRDA:536,73,1,1
BRDA:536,74,0,1
BRDA:536,74,1,0
BRDA:544,75,0,1
BRDA:544,75,1,0
BRDA:547,76,0,0
BRDA:547,76,1,0
BRDA:548,77,0,0
BRDA:548,77,1,0
BRDA:548,77,2,0
BRDA:548,77,3,0
BRF:161
BRH:107
end_of_record
