TN:
SF:loader.stripped.js
FN:14,(anonymous_1)
FN:31,keys
FN:39,normalizeSandboxArguments
FN:40,(anonymous_4)
FN:57,(anonymous_5)
FN:71,loadInBrowser
FN:91,(anonymous_7)
FN:95,(anonymous_8)
FN:100,(anonymous_9)
FN:112,load
FN:130,(anonymous_11)
FN:134,(anonymous_12)
FN:150,finalizeLoad
FN:154,finalize
FN:176,(anonymous_15)
FN:230,(anonymous_16)
FN:246,(anonymous_17)
FN:263,normalizeIdentifier
FN:277,(anonymous_19)
FN:288,resolveIdentifier
FN:300,pluginify
FN:324,(anonymous_22)
FN:333,(anonymous_23)
FN:338,(anonymous_24)
FN:340,(anonymous_25)
FN:349,(anonymous_26)
FN:362,(anonymous_27)
FN:418,(anonymous_28)
FN:428,(anonymous_29)
FN:435,(anonymous_30)
FN:487,(anonymous_31)
FN:510,(anonymous_32)
FN:515,(anonymous_33)
FN:520,(anonymous_34)
FN:533,(anonymous_35)
FN:538,(anonymous_36)
FN:541,(anonymous_37)
FN:546,(anonymous_38)
FN:562,(anonymous_39)
FN:565,(anonymous_40)
FN:581,(anonymous_41)
FN:583,(anonymous_42)
FN:611,(anonymous_43)
FN:622,(anonymous_44)
FN:627,(anonymous_45)
FNF:45
FNH:39
FNDA:1,(anonymous_1)
FNDA:68,keys
FNDA:73,normalizeSandboxArguments
FNDA:42,(anonymous_4)
FNDA:38,(anonymous_5)
FNDA:42,loadInBrowser
FNDA:42,(anonymous_7)
FNDA:42,(anonymous_8)
FNDA:0,(anonymous_9)
FNDA:42,load
FNDA:42,(anonymous_11)
FNDA:42,(anonymous_12)
FNDA:42,finalizeLoad
FNDA:42,finalize
FNDA:0,(anonymous_15)
FNDA:108,(anonymous_16)
FNDA:56,(anonymous_17)
FNDA:52,normalizeIdentifier
FNDA:72,(anonymous_19)
FNDA:54,resolveIdentifier
FNDA:54,pluginify
FNDA:44,(anonymous_22)
FNDA:4,(anonymous_23)
FNDA:6,(anonymous_24)
FNDA:6,(anonymous_25)
FNDA:4,(anonymous_26)
FNDA:72,(anonymous_27)
FNDA:6,(anonymous_28)
FNDA:4,(anonymous_29)
FNDA:88,(anonymous_30)
FNDA:4,(anonymous_31)
FNDA:38,(anonymous_32)
FNDA:38,(anonymous_33)
FNDA:38,(anonymous_34)
FNDA:1,(anonymous_35)
FNDA:43,(anonymous_36)
FNDA:42,(anonymous_37)
FNDA:92,(anonymous_38)
FNDA:42,(anonymous_39)
FNDA:0,(anonymous_40)
FNDA:38,(anonymous_41)
FNDA:38,(anonymous_42)
FNDA:0,(anonymous_43)
FNDA:0,(anonymous_44)
FNDA:0,(anonymous_45)
DA:14,1
DA:16,1
DA:17,0
DA:21,1
DA:22,0
DA:25,1
DA:31,1
DA:32,68
DA:33,68
DA:34,2
DA:36,68
DA:39,1
DA:40,73
DA:41,42
DA:42,0
DA:43,0
DA:45,42
DA:46,0
DA:47,0
DA:48,0
DA:50,42
DA:52,42
DA:57,1
DA:59,38
DA:65,38
DA:71,1
DA:72,42
DA:74,42
DA:75,0
DA:76,0
DA:78,42
DA:79,42
DA:80,42
DA:81,0
DA:83,42
DA:84,0
DA:86,42
DA:87,38
DA:89,42
DA:90,42
DA:91,42
DA:92,42
DA:93,42
DA:94,42
DA:95,42
DA:96,42
DA:100,42
DA:101,0
DA:103,42
DA:104,42
DA:105,42
DA:106,42
DA:108,0
DA:112,1
DA:113,42
DA:114,42
DA:115,2
DA:117,42
DA:119,0
DA:122,42
DA:124,0
DA:127,42
DA:128,42
DA:130,42
DA:131,42
DA:133,42
DA:134,42
DA:135,42
DA:136,42
DA:137,42
DA:144,0
DA:150,1
DA:153,42
DA:154,1
DA:155,42
DA:156,0
DA:158,42
DA:161,42
DA:164,42
DA:165,42
DA:167,92
DA:170,20
DA:171,16
DA:172,22
DA:173,22
DA:175,0
DA:176,0
DA:177,0
DA:178,0
DA:189,20
DA:192,0
DA:194,0
DA:195,0
DA:197,0
DA:198,0
DA:199,0
DA:201,0
DA:202,0
DA:203,0
DA:208,20
DA:211,20
DA:212,20
DA:213,2
DA:218,92
DA:219,72
DA:222,42
DA:224,42
DA:225,42
DA:227,42
DA:230,38
DA:231,108
DA:232,54
DA:235,54
DA:244,54
DA:246,54
DA:247,56
DA:248,56
DA:249,56
DA:250,56
DA:251,12
DA:253,56
DA:254,56
DA:258,56
DA:261,54
DA:263,1
DA:266,52
DA:268,46
DA:270,6
DA:272,0
DA:274,52
DA:277,54
DA:279,72
DA:288,1
DA:289,54
DA:290,0
DA:292,54
DA:294,54
DA:295,54
DA:296,0
DA:297,0
DA:298,0
DA:300,1
DA:301,54
DA:302,0
DA:303,0
DA:304,0
DA:307,54
DA:308,22
DA:309,22
DA:310,22
DA:311,0
DA:313,22
DA:315,32
DA:317,32
DA:318,28
DA:320,4
DA:324,72
DA:325,44
DA:326,44
DA:329,72
DA:333,72
DA:334,4
DA:335,4
DA:338,72
DA:339,6
DA:340,6
DA:341,6
DA:342,0
DA:343,0
DA:345,6
DA:349,72
DA:350,4
DA:352,4
DA:354,2
DA:356,2
DA:358,4
DA:360,72
DA:362,72
DA:363,72
DA:364,72
DA:366,68
DA:378,68
DA:379,38
DA:382,68
DA:383,68
DA:392,68
DA:393,68
DA:400,2
DA:402,66
DA:403,2
DA:406,4
DA:408,2
DA:410,2
DA:415,72
DA:418,54
DA:420,6
DA:421,2
DA:423,4
DA:424,4
DA:429,4
DA:430,4
DA:435,54
DA:437,88
DA:439,88
DA:440,86
DA:441,26
DA:443,86
DA:445,2
DA:448,88
DA:452,0
DA:456,88
DA:460,0
DA:463,88
DA:464,72
DA:467,88
DA:468,88
DA:469,2
DA:470,2
DA:471,2
DA:472,0
DA:478,88
DA:480,88
DA:481,0
DA:484,88
DA:487,54
DA:488,4
DA:489,0
DA:491,4
DA:495,54
DA:496,0
DA:504,54
DA:506,54
DA:510,38
DA:511,38
DA:515,38
DA:516,38
DA:520,38
DA:521,38
DA:522,38
DA:526,38
DA:528,38
DA:533,1
DA:535,1
DA:538,1
DA:541,43
DA:542,42
DA:544,42
DA:546,42
DA:547,92
DA:558,42
DA:559,42
DA:561,43
DA:562,43
DA:563,42
DA:565,43
DA:566,0
DA:567,0
DA:568,0
DA:572,1
DA:575,1
DA:581,1
DA:582,38
DA:583,38
DA:584,38
DA:585,0
DA:586,0
DA:588,38
DA:592,1
DA:595,1
DA:599,1
DA:602,1
DA:603,0
DA:610,1
DA:611,1
DA:612,0
DA:613,0
DA:622,0
DA:623,0
DA:624,0
DA:625,0
DA:629,0
LF:281
LH:221
BRDA:16,1,0,0
BRDA:16,1,1,1
BRDA:16,2,0,1
BRDA:16,2,1,1
BRDA:21,3,0,0
BRDA:21,3,1,1
BRDA:41,4,0,0
BRDA:41,4,1,42
BRDA:41,5,0,42
BRDA:41,5,1,0
BRDA:41,5,2,0
BRDA:45,6,0,0
BRDA:45,6,1,42
BRDA:45,7,0,42
BRDA:45,7,1,0
BRDA:45,7,2,0
BRDA:50,8,0,42
BRDA:50,8,1,0
BRDA:74,9,0,0
BRDA:74,9,1,42
BRDA:80,10,0,0
BRDA:80,10,1,42
BRDA:83,11,0,0
BRDA:83,11,1,42
BRDA:86,12,0,38
BRDA:86,12,1,4
BRDA:92,13,0,42
BRDA:92,13,1,0
BRDA:93,14,0,42
BRDA:93,14,1,0
BRDA:93,15,0,42
BRDA:93,15,1,0
BRDA:114,16,0,2
BRDA:114,16,1,40
BRDA:117,17,0,0
BRDA:117,17,1,42
BRDA:122,18,0,0
BRDA:122,18,1,42
BRDA:130,19,0,42
BRDA:130,19,1,42
BRDA:130,19,2,42
BRDA:131,20,0,0
BRDA:131,20,1,42
BRDA:136,21,0,42
BRDA:136,21,1,0
BRDA:155,22,0,0
BRDA:155,22,1,42
BRDA:167,23,0,20
BRDA:167,23,1,72
BRDA:170,24,0,16
BRDA:170,24,1,4
BRDA:172,25,0,22
BRDA:172,25,1,0
BRDA:189,26,0,0
BRDA:189,26,1,20
BRDA:194,27,0,0
BRDA:194,27,1,0
BRDA:197,28,0,0
BRDA:197,28,1,0
BRDA:198,29,0,0
BRDA:198,29,1,0
BRDA:202,30,0,0
BRDA:202,30,1,0
BRDA:212,31,0,2
BRDA:212,31,1,18
BRDA:218,32,0,72
BRDA:218,32,1,20
BRDA:231,33,0,54
BRDA:231,33,1,54
BRDA:247,34,0,56
BRDA:247,34,1,20
BRDA:247,34,2,36
BRDA:248,35,0,56
BRDA:248,35,1,0
BRDA:250,36,0,12
BRDA:250,36,1,44
BRDA:253,37,0,56
BRDA:253,37,1,40
BRDA:254,38,0,56
BRDA:254,38,1,52
BRDA:258,39,0,4
BRDA:258,39,1,52
BRDA:258,40,0,56
BRDA:258,40,1,4
BRDA:266,41,0,46
BRDA:266,41,1,6
BRDA:270,42,0,0
BRDA:270,42,1,6
BRDA:289,43,0,0
BRDA:289,43,1,54
BRDA:295,44,0,0
BRDA:295,44,1,54
BRDA:301,45,0,54
BRDA:301,45,1,0
BRDA:307,46,0,22
BRDA:307,46,1,32
BRDA:310,47,0,0
BRDA:310,47,1,22
BRDA:317,48,0,28
BRDA:317,48,1,4
BRDA:318,49,0,26
BRDA:318,49,1,2
BRDA:341,50,0,0
BRDA:341,50,1,6
BRDA:342,51,0,0
BRDA:342,51,1,0
BRDA:350,52,0,4
BRDA:350,52,1,4
BRDA:352,53,0,2
BRDA:352,53,1,2
BRDA:364,54,0,68
BRDA:364,54,1,4
BRDA:371,55,0,68
BRDA:371,55,1,68
BRDA:378,56,0,38
BRDA:378,56,1,30
BRDA:378,57,0,68
BRDA:378,57,1,48
BRDA:382,58,0,68
BRDA:382,58,1,0
BRDA:393,59,0,2
BRDA:393,59,1,66
BRDA:394,60,0,68
BRDA:394,60,1,68
BRDA:394,60,2,68
BRDA:402,61,0,2
BRDA:402,61,1,64
BRDA:406,62,0,2
BRDA:406,62,1,2
BRDA:420,63,0,2
BRDA:420,63,1,4
BRDA:425,64,0,2
BRDA:425,64,1,2
BRDA:429,65,0,0
BRDA:429,65,1,4
BRDA:439,66,0,86
BRDA:439,66,1,2
BRDA:440,67,0,26
BRDA:440,67,1,60
BRDA:441,68,0,22
BRDA:441,68,1,4
BRDA:448,69,0,0
BRDA:448,69,1,88
BRDA:449,70,0,88
BRDA:449,70,1,0
BRDA:456,71,0,0
BRDA:456,71,1,88
BRDA:457,72,0,88
BRDA:457,72,1,0
BRDA:463,73,0,72
BRDA:463,73,1,16
BRDA:468,74,0,2
BRDA:468,74,1,86
BRDA:480,75,0,0
BRDA:480,75,1,88
BRDA:488,76,0,0
BRDA:488,76,1,4
BRDA:491,77,0,0
BRDA:491,77,1,4
BRDA:495,78,0,0
BRDA:495,78,1,54
BRDA:522,79,0,38
BRDA:522,79,1,0
BRDA:526,80,0,38
BRDA:526,80,1,0
BRDA:551,81,0,0
BRDA:551,81,1,92
BRDA:552,82,0,92
BRDA:552,82,1,0
BRDA:556,83,0,92
BRDA:556,83,1,92
BRDA:558,84,0,42
BRDA:558,84,1,0
BRDA:584,85,0,0
BRDA:584,85,1,38
BRDA:585,86,0,0
BRDA:585,86,1,0
BRDA:602,87,0,0
BRDA:602,87,1,1
BRDA:602,88,0,1
BRDA:602,88,1,0
BRDA:610,89,0,1
BRDA:610,89,1,0
BRDA:613,90,0,0
BRDA:613,90,1,0
BRDA:614,91,0,0
BRDA:614,91,1,0
BRDA:614,91,2,0
BRDA:614,91,3,0
BRDA:624,92,0,0
BRDA:624,92,1,0
BRDA:636,93,0,1
BRDA:636,93,1,0
BRDA:639,94,0,0
BRDA:639,94,1,0
BRF:195
BRH:124
end_of_record
